<?xml version="1.0" encoding="UTF-8"?>
<testng-results skipped="0" failed="0" ignored="0" total="1" passed="1">
  <reporter-output>
  </reporter-output>
  <suite name="Default suite" duration-ms="19423" started-at="2021-08-03T09:50:04Z" finished-at="2021-08-03T09:50:24Z">
    <groups>
    </groups>
    <test name="Default test" duration-ms="19423" started-at="2021-08-03T09:50:04Z" finished-at="2021-08-03T09:50:24Z">
      <class name="Org.base.Loginpage">
        <test-method status="PASS" signature="beforeclass()[pri:0, instance:Org.base.Loginpage@1a04f701]" name="beforeclass" is-config="true" duration-ms="11047" started-at="2021-08-03T09:50:04Z" finished-at="2021-08-03T09:50:15Z">
          <reporter-output>
          </reporter-output>
        </test-method> <!-- beforeclass -->
        <test-method status="PASS" signature="Test()[pri:0, instance:Org.base.Loginpage@1a04f701]" name="Test" duration-ms="8274" started-at="2021-08-03T09:50:15Z" finished-at="2021-08-03T09:50:24Z">
          <reporter-output>
          </reporter-output>
        </test-method> <!-- Test -->
      </class> <!-- Org.base.Loginpage -->
    </test> <!-- Default test -->
  </suite> <!-- Default suite -->
</testng-results>
